c:\users\mario sakka\documents\acg-demo\acg_demo\debug\vc143.pdb
c:\users\mario sakka\documents\acg-demo\acg_demo\debug\vc143.idb
c:\users\mario sakka\documents\acg-demo\acg_demo\debug\shader.obj
c:\users\mario sakka\documents\acg-demo\acg_demo\debug\scene.obj
c:\users\mario sakka\documents\acg-demo\acg_demo\debug\projectile.obj
c:\users\mario sakka\documents\acg-demo\acg_demo\debug\main.obj
c:\users\mario sakka\documents\acg-demo\acg_demo\debug\healthbar.obj
c:\users\mario sakka\documents\acg-demo\acg_demo\debug\charactertexturepack.obj
c:\users\mario sakka\documents\acg-demo\acg_demo\debug\character.obj
c:\users\mario sakka\documents\acg-demo\debug\acg_demo.exe
c:\users\mario sakka\documents\acg-demo\debug\acg_demo.pdb
c:\users\mario sakka\documents\acg-demo\acg_demo\debug\acg_demo.ilk
c:\users\mario sakka\documents\acg-demo\acg_demo\debug\acg_demo.tlog\cl.command.1.tlog
c:\users\mario sakka\documents\acg-demo\acg_demo\debug\acg_demo.tlog\cl.items.tlog
c:\users\mario sakka\documents\acg-demo\acg_demo\debug\acg_demo.tlog\cl.read.1.tlog
c:\users\mario sakka\documents\acg-demo\acg_demo\debug\acg_demo.tlog\cl.write.1.tlog
c:\users\mario sakka\documents\acg-demo\acg_demo\debug\acg_demo.tlog\link.command.1.tlog
c:\users\mario sakka\documents\acg-demo\acg_demo\debug\acg_demo.tlog\link.read.1.tlog
c:\users\mario sakka\documents\acg-demo\acg_demo\debug\acg_demo.tlog\link.secondary.1.tlog
c:\users\mario sakka\documents\acg-demo\acg_demo\debug\acg_demo.tlog\link.write.1.tlog
